<?xml version="1.0" encoding="UTF-8"?>
<testng-results skipped="0" failed="0" ignored="0" total="2" passed="2">
  <reporter-output>
  </reporter-output>
  <suite name="Default suite" duration-ms="29320" started-at="2020-09-10T22:15:54Z" finished-at="2020-09-10T22:16:24Z">
    <groups>
      <group name="sanity">
        <method signature="test_home_page.home_page_01()[pri:0, instance:com.kommedSweden.home_page.test_home_page@4501b7af]" name="home_page_01" class="com.kommedSweden.home_page.test_home_page"/>
        <method signature="test_home_page.home_page_02()[pri:0, instance:com.kommedSweden.home_page.test_home_page@4501b7af]" name="home_page_02" class="com.kommedSweden.home_page.test_home_page"/>
      </group> <!-- sanity -->
    </groups>
    <test name="Default test" duration-ms="29320" started-at="2020-09-10T22:15:54Z" finished-at="2020-09-10T22:16:24Z">
      <class name="com.kommedSweden.home_page.test_home_page">
        <test-method status="PASS" signature="initializeDriver()[pri:0, instance:com.kommedSweden.home_page.test_home_page@4501b7af]" name="initializeDriver" is-config="true" duration-ms="6163" started-at="2020-09-11T03:45:54Z" finished-at="2020-09-11T03:46:00Z">
          <reporter-output>
          </reporter-output>
        </test-method> <!-- initializeDriver -->
        <test-method status="PASS" signature="login_page()[pri:0, instance:com.kommedSweden.home_page.test_home_page@4501b7af]" name="login_page" is-config="true" duration-ms="4503" started-at="2020-09-11T03:46:00Z" finished-at="2020-09-11T03:46:05Z">
          <reporter-output>
          </reporter-output>
        </test-method> <!-- login_page -->
        <test-method status="PASS" signature="home_page_01()[pri:0, instance:com.kommedSweden.home_page.test_home_page@4501b7af]" name="home_page_01" duration-ms="7944" started-at="2020-09-11T03:46:05Z" finished-at="2020-09-11T03:46:13Z">
          <reporter-output>
          </reporter-output>
        </test-method> <!-- home_page_01 -->
        <test-method status="PASS" signature="logout_page()[pri:0, instance:com.kommedSweden.home_page.test_home_page@4501b7af]" name="logout_page" is-config="true" duration-ms="3280" started-at="2020-09-11T03:46:13Z" finished-at="2020-09-11T03:46:16Z">
          <reporter-output>
          </reporter-output>
        </test-method> <!-- logout_page -->
        <test-method status="PASS" signature="login_page()[pri:0, instance:com.kommedSweden.home_page.test_home_page@4501b7af]" name="login_page" is-config="true" duration-ms="3505" started-at="2020-09-11T03:46:16Z" finished-at="2020-09-11T03:46:20Z">
          <reporter-output>
          </reporter-output>
        </test-method> <!-- login_page -->
        <test-method status="PASS" signature="home_page_02()[pri:0, instance:com.kommedSweden.home_page.test_home_page@4501b7af]" name="home_page_02" duration-ms="59" started-at="2020-09-11T03:46:20Z" finished-at="2020-09-11T03:46:20Z">
          <reporter-output>
          </reporter-output>
        </test-method> <!-- home_page_02 -->
        <test-method status="PASS" signature="logout_page()[pri:0, instance:com.kommedSweden.home_page.test_home_page@4501b7af]" name="logout_page" is-config="true" duration-ms="3263" started-at="2020-09-11T03:46:20Z" finished-at="2020-09-11T03:46:23Z">
          <reporter-output>
          </reporter-output>
        </test-method> <!-- logout_page -->
        <test-method status="PASS" signature="close_browser()[pri:0, instance:com.kommedSweden.home_page.test_home_page@4501b7af]" name="close_browser" is-config="true" duration-ms="591" started-at="2020-09-11T03:46:23Z" finished-at="2020-09-11T03:46:24Z">
          <reporter-output>
          </reporter-output>
        </test-method> <!-- close_browser -->
        <test-method status="PASS" signature="delete_folder()[pri:0, instance:com.kommedSweden.home_page.test_home_page@4501b7af]" name="delete_folder" is-config="true" duration-ms="0" started-at="2020-09-11T03:46:24Z" finished-at="2020-09-11T03:46:24Z">
          <reporter-output>
          </reporter-output>
        </test-method> <!-- delete_folder -->
      </class> <!-- com.kommedSweden.home_page.test_home_page -->
    </test> <!-- Default test -->
  </suite> <!-- Default suite -->
</testng-results>
