<?xml version="1.0" encoding="UTF-8"?>
<!-- Generated by org.testng.reporters.JUnitXMLReporter -->
<testsuite hostname="LAPTOP-5KE8UCUV" ignored="0" name="Test" tests="68" failures="0" timestamp="19 Aug 2020 19:44:08 GMT" time="1451.7" errors="0">
  <testcase name="person_company_27" time="3.173" classname="com.kommedSweden.person_and_company.test_person_company_new"/>
  <testcase name="person_company_28" time="6.301" classname="com.kommedSweden.person_and_company.test_person_company_new"/>
  <testcase name="preson_company_029" time="6.938" classname="com.kommedSweden.person_and_company.test_person_company_preferences_relationship"/>
  <testcase name="preson_company_030" time="15.56" classname="com.kommedSweden.person_and_company.test_person_company_preferences_relationship"/>
  <testcase name="preson_company_031" time="6.637" classname="com.kommedSweden.person_and_company.test_person_company_preferences_relationship"/>
  <testcase name="person_company_032" time="8.487" classname="com.kommedSweden.person_and_company.test_person_company_preferences_properties"/>
  <testcase name="person_company_033" time="8.948" classname="com.kommedSweden.person_and_company.test_person_company_preferences_properties"/>
  <testcase name="person_company_034" time="9.141" classname="com.kommedSweden.person_and_company.test_person_company_preferences_properties"/>
  <testcase name="preson_company_035" time="8.202" classname="com.kommedSweden.person_and_company.test_person_company_preferences_properties"/>
  <testcase name="preson_company_036" time="16.017" classname="com.kommedSweden.person_and_company.test_person_company_preferences_properties"/>
  <testcase name="preson_company_037" time="6.498" classname="com.kommedSweden.person_and_company.test_person_company_preferences_properties"/>
  <testcase name="preson_company_038" time="8.207" classname="com.kommedSweden.person_and_company.test_person_company_preferences_properties"/>
  <testcase name="preson_company_039" time="15.805" classname="com.kommedSweden.person_and_company.test_person_company_preferences_properties"/>
  <testcase name="preson_company_040" time="4.101" classname="com.kommedSweden.person_and_company.test_person_company_preferences_properties"/>
  <testcase name="preson_company_041" time="8.756" classname="com.kommedSweden.person_and_company.test_person_company_preferences_properties"/>
  <testcase name="person_company_042" time="5.605" classname="com.kommedSweden.person_and_company.test_person_company_preferences_persontype"/>
  <testcase name="person_company_043" time="5.204" classname="com.kommedSweden.person_and_company.test_person_company_preferences_permissions0"/>
  <testcase name="person_company_044" time="5.183" classname="com.kommedSweden.person_and_company.test_person_company_preferences_permissions1"/>
  <testcase name="person_company_045" time="7.183" classname="com.kommedSweden.person_and_company.test_person_company_preferences_users"/>
  <testcase name="person_company_046" time="6.927" classname="com.kommedSweden.person_and_company.test_person_company_preferences_commitment"/>
  <testcase name="person_company_047" time="14.58" classname="com.kommedSweden.person_and_company.test_person_company_preferences_commitment"/>
  <testcase name="person_company_048" time="6.655" classname="com.kommedSweden.person_and_company.test_person_company_preferences_commitment"/>
  <testcase name="person_company_049" time="6.885" classname="com.kommedSweden.person_and_company.test_person_preferences_child_sponsorship"/>
  <testcase name="person_company_050" time="6.122" classname="com.kommedSweden.person_and_company.test_person_preferences_child_sponsorship"/>
  <testcase name="person_company_051" time="8.764" classname="com.kommedSweden.person_and_company.test_person_company_preferences_group_types"/>
  <testcase name="person_company_052" time="15.44" classname="com.kommedSweden.person_and_company.test_person_company_preferences_group_types"/>
  <testcase name="person_company_053" time="6.64" classname="com.kommedSweden.person_and_company.test_person_company_preferences_group_types"/>
  <testcase name="person_company_057" time="16.572" classname="com.kommedSweden.person_and_company.test_person_company_preferences_free_properties"/>
  <testcase name="person_company_058" time="6.632" classname="com.kommedSweden.person_and_company.test_person_company_preferences_free_properties"/>
  <testcase name="preson_company_054" time="8.003" classname="com.kommedSweden.person_and_company.test_person_company_preferences_free_properties"/>
  <testcase name="preson_company_055" time="8.052" classname="com.kommedSweden.person_and_company.test_person_company_preferences_free_properties"/>
  <testcase name="preson_company_056" time="8.987" classname="com.kommedSweden.person_and_company.test_person_company_preferences_free_properties"/>
  <testcase name="preson_company_059" time="6.955" classname="com.kommedSweden.person_and_company.test_person_company_templates_web_pg"/>
  <testcase name="preson_company_060" time="15.857" classname="com.kommedSweden.person_and_company.test_person_company_templates_web_pg"/>
  <testcase name="preson_company_061" time="6.275" classname="com.kommedSweden.person_and_company.test_person_company_templates_web_pg"/>
  <testcase name="preson_company_062" time="6.272" classname="com.kommedSweden.person_and_company.test_person_company_templates_web_pg"/>
  <testcase name="preson_company_063" time="7.224" classname="com.kommedSweden.person_and_company.test_person_company_templates_email_templates"/>
  <testcase name="preson_company_064" time="6.298" classname="com.kommedSweden.person_and_company.test_person_company_templates_email_templates"/>
  <testcase name="preson_company_065" time="7.501" classname="com.kommedSweden.person_and_company.test_person_company_templates_email_templates"/>
  <testcase name="person_company_066" time="9.622" classname="com.kommedSweden.person_and_company.test_person_company_create_user_email_report"/>
  <testcase name="person_company_067" time="11.514" classname="com.kommedSweden.person_and_company.test_person_company_create_user_client_list"/>
  <testcase name="person_company_068" time="16.254" classname="com.kommedSweden.person_and_company.test_person_company_create_user_client_list"/>
  <testcase name="person_company_069" time="20.921" classname="com.kommedSweden.person_and_company.test_person_company_create_user_client_list"/>
  <testcase name="person_company_1" time="3.877" classname="com.kommedSweden.person_and_company.test_person_company_search"/>
  <testcase name="person_company_10" time="7.962" classname="com.kommedSweden.person_and_company.test_person_company_search"/>
  <testcase name="person_company_11" time="62.939" classname="com.kommedSweden.person_and_company.test_person_company_search"/>
  <testcase name="person_company_12" time="6.19" classname="com.kommedSweden.person_and_company.test_person_company_search"/>
  <testcase name="person_company_13" time="6.462" classname="com.kommedSweden.person_and_company.test_person_company_search"/>
  <testcase name="person_company_14" time="6.532" classname="com.kommedSweden.person_and_company.test_person_company_search"/>
  <testcase name="person_company_15" time="6.498" classname="com.kommedSweden.person_and_company.test_person_company_search"/>
  <testcase name="person_company_16" time="6.414" classname="com.kommedSweden.person_and_company.test_person_company_search"/>
  <testcase name="person_company_17" time="7.575" classname="com.kommedSweden.person_and_company.test_person_company_search"/>
  <testcase name="person_company_18" time="10.136" classname="com.kommedSweden.person_and_company.test_person_company_search"/>
  <testcase name="person_company_19" time="9.393" classname="com.kommedSweden.person_and_company.test_person_company_search"/>
  <testcase name="person_company_2" time="21.418" classname="com.kommedSweden.person_and_company.test_person_company_search"/>
  <testcase name="person_company_20" time="8.24" classname="com.kommedSweden.person_and_company.test_person_company_search"/>
  <testcase name="person_company_21" time="6.808" classname="com.kommedSweden.person_and_company.test_person_company_search"/>
  <testcase name="person_company_22" time="8.065" classname="com.kommedSweden.person_and_company.test_person_company_search"/>
  <testcase name="person_company_23" time="6.429" classname="com.kommedSweden.person_and_company.test_person_company_search"/>
  <testcase name="person_company_25" time="6.381" classname="com.kommedSweden.person_and_company.test_person_company_search"/>
  <testcase name="person_company_26" time="6.345" classname="com.kommedSweden.person_and_company.test_person_company_search"/>
  <testcase name="person_company_3" time="12.773" classname="com.kommedSweden.person_and_company.test_person_company_search"/>
  <testcase name="person_company_4" time="8.621" classname="com.kommedSweden.person_and_company.test_person_company_search"/>
  <testcase name="person_company_5" time="65.284" classname="com.kommedSweden.person_and_company.test_person_company_search"/>
  <testcase name="person_company_6" time="59.772" classname="com.kommedSweden.person_and_company.test_person_company_search"/>
  <testcase name="person_company_7" time="5.36" classname="com.kommedSweden.person_and_company.test_person_company_search"/>
  <testcase name="person_company_8" time="61.409" classname="com.kommedSweden.person_and_company.test_person_company_search"/>
  <testcase name="person_company_9" time="49.622" classname="com.kommedSweden.person_and_company.test_person_company_search"/>
</testsuite> <!-- Test -->
